{
  "stats": {
    "suites": 3,
    "tests": 2,
    "passes": 2,
    "pending": 0,
    "failures": 0,
    "start": "2024-12-26T17:00:07.298Z",
    "end": "2024-12-26T17:00:10.221Z",
    "duration": 2923,
    "testsRegistered": 2,
    "passPercent": 100,
    "pendingPercent": 0,
    "other": 0,
    "hasOther": false,
    "skipped": 0,
    "hasSkipped": false
  },
  "results": [
    {
      "uuid": "e7d5d7a5-7989-40f1-a367-673fb45146a1",
      "title": "",
      "fullFile": "cypress\\e2e\\login-correto.cy.js",
      "file": "cypress\\e2e\\login-correto.cy.js",
      "beforeHooks": [],
      "afterHooks": [],
      "tests": [],
      "suites": [
        {
          "uuid": "8115d7cd-28aa-41d0-9fcb-fbb615a047cd",
          "title": "Pagina de Login",
          "fullFile": "",
          "file": "",
          "beforeHooks": [],
          "afterHooks": [],
          "tests": [],
          "suites": [
            {
              "uuid": "d4db26d7-ddf7-4fa7-8893-6f8a7deea4e5",
              "title": "Verificar a primeira parte login e verificar a sessao!",
              "fullFile": "",
              "file": "",
              "beforeHooks": [],
              "afterHooks": [],
              "tests": [
                {
                  "title": "Clica no botao de Entrar",
                  "fullTitle": "Pagina de Login Verificar a primeira parte login e verificar a sessao! Clica no botao de Entrar",
                  "timedOut": null,
                  "duration": 918,
                  "state": "passed",
                  "speed": "fast",
                  "pass": true,
                  "fail": false,
                  "pending": false,
                  "context": null,
                  "code": "cy.get('.sc-iJnaPW').click();\ncy.location('pathname').should('equals', '/login');",
                  "err": {},
                  "uuid": "bf3e8e70-cdba-4efb-925f-9f1e7dd4bea6",
                  "parentUUID": "d4db26d7-ddf7-4fa7-8893-6f8a7deea4e5",
                  "isHook": false,
                  "skipped": false
                }
              ],
              "suites": [],
              "passes": [
                "bf3e8e70-cdba-4efb-925f-9f1e7dd4bea6"
              ],
              "failures": [],
              "pending": [],
              "skipped": [],
              "duration": 918,
              "root": false,
              "rootEmpty": false,
              "_timeout": 2000
            },
            {
              "uuid": "2b295707-ca09-4cd8-8c29-42eea9b7114e",
              "title": "Logar com as credenciais corretas",
              "fullFile": "",
              "file": "",
              "beforeHooks": [],
              "afterHooks": [],
              "tests": [
                {
                  "title": "Preenche os campos de login e senha",
                  "fullTitle": "Pagina de Login Logar com as credenciais corretas Preenche os campos de login e senha",
                  "timedOut": null,
                  "duration": 1930,
                  "state": "passed",
                  "speed": "fast",
                  "pass": true,
                  "fail": false,
                  "pending": false,
                  "context": null,
                  "code": "cy.get('.sc-iJnaPW').click();\ncy.login(Cypress.env('email'), Cypress.env('senha')); // Passando credenciais do ambiente",
                  "err": {},
                  "uuid": "90403c96-f875-440a-b186-041209fa21e0",
                  "parentUUID": "2b295707-ca09-4cd8-8c29-42eea9b7114e",
                  "isHook": false,
                  "skipped": false
                }
              ],
              "suites": [],
              "passes": [
                "90403c96-f875-440a-b186-041209fa21e0"
              ],
              "failures": [],
              "pending": [],
              "skipped": [],
              "duration": 1930,
              "root": false,
              "rootEmpty": false,
              "_timeout": 2000
            }
          ],
          "passes": [],
          "failures": [],
          "pending": [],
          "skipped": [],
          "duration": 0,
          "root": false,
          "rootEmpty": false,
          "_timeout": 2000
        }
      ],
      "passes": [],
      "failures": [],
      "pending": [],
      "skipped": [],
      "duration": 0,
      "root": true,
      "rootEmpty": true,
      "_timeout": 2000
    }
  ],
  "meta": {
    "mocha": {
      "version": "7.0.1"
    },
    "mochawesome": {
      "options": {
        "quiet": false,
        "reportFilename": "mochawesome",
        "saveHtml": true,
        "saveJson": true,
        "consoleReporter": "spec",
        "useInlineDiffs": false,
        "code": true
      },
      "version": "7.1.3"
    },
    "marge": {
      "options": {
        "reportDir": "cypress/results",
        "overwrite": false,
        "html": true,
        "json": true,
        "timestamp": "mmddyyyy_HHMMss"
      },
      "version": "6.2.0"
    }
  }
}