{
  "stats": {
    "suites": 4,
    "tests": 3,
    "passes": 3,
    "pending": 0,
    "failures": 0,
    "start": "2024-12-26T16:59:57.159Z",
    "end": "2024-12-26T17:00:04.395Z",
    "duration": 7236,
    "testsRegistered": 3,
    "passPercent": 100,
    "pendingPercent": 0,
    "other": 0,
    "hasOther": false,
    "skipped": 0,
    "hasSkipped": false
  },
  "results": [
    {
      "uuid": "5adcbc97-97ef-44a6-9f44-241779451157",
      "title": "",
      "fullFile": "cypress\\e2e\\cadastro-sucesso.cy.js",
      "file": "cypress\\e2e\\cadastro-sucesso.cy.js",
      "beforeHooks": [],
      "afterHooks": [],
      "tests": [],
      "suites": [
        {
          "uuid": "2b990e36-f602-4459-b876-b0ea69ca739d",
          "title": "Página de cadastro",
          "fullFile": "",
          "file": "",
          "beforeHooks": [],
          "afterHooks": [],
          "tests": [],
          "suites": [
            {
              "uuid": "9c04a6ea-5464-4ec1-a051-7a1bccbd19ae",
              "title": "Verifica o redirecionamento da pagina!",
              "fullFile": "",
              "file": "",
              "beforeHooks": [],
              "afterHooks": [],
              "tests": [
                {
                  "title": "Clica no link \"Cadastra-se\" e redireciona para a página de cadastro da clínica",
                  "fullTitle": "Página de cadastro Verifica o redirecionamento da pagina! Clica no link \"Cadastra-se\" e redireciona para a página de cadastro da clínica",
                  "timedOut": null,
                  "duration": 1200,
                  "state": "passed",
                  "speed": "fast",
                  "pass": true,
                  "fail": false,
                  "pending": false,
                  "context": null,
                  "code": "cy.get('[href=\"/cadastro\"]').click();\ncy.location('pathname').should('equal', '/cadastro');",
                  "err": {},
                  "uuid": "cd9a59d7-1873-47bd-8070-c3cee109928a",
                  "parentUUID": "9c04a6ea-5464-4ec1-a051-7a1bccbd19ae",
                  "isHook": false,
                  "skipped": false
                }
              ],
              "suites": [],
              "passes": [
                "cd9a59d7-1873-47bd-8070-c3cee109928a"
              ],
              "failures": [],
              "pending": [],
              "skipped": [],
              "duration": 1200,
              "root": false,
              "rootEmpty": false,
              "_timeout": 2000
            },
            {
              "uuid": "f9b13a00-34f8-4008-a91b-1c19b481732f",
              "title": "Primeira parte da sessão de cadastro",
              "fullFile": "",
              "file": "",
              "beforeHooks": [],
              "afterHooks": [],
              "tests": [
                {
                  "title": "Digita dados da clínica e exibe a área para inserção de dados técnicos",
                  "fullTitle": "Página de cadastro Primeira parte da sessão de cadastro Digita dados da clínica e exibe a área para inserção de dados técnicos",
                  "timedOut": null,
                  "duration": 2175,
                  "state": "passed",
                  "speed": "fast",
                  "pass": true,
                  "fail": false,
                  "pending": false,
                  "context": null,
                  "code": "cy.get('[href=\"/cadastro\"]').click();\ncy.cadastro('Joao', '12.156.812/0001-02', 'jpars@gmail.com', 'Senha1234');\ncy.contains('h2', 'Agora, os dados técnicos:').should('be.visible');\ncy.get('.sc-laZRCg').should('exist').should('be.visible');",
                  "err": {},
                  "uuid": "25597fdc-dfe8-40c5-9024-f609f7026d37",
                  "parentUUID": "f9b13a00-34f8-4008-a91b-1c19b481732f",
                  "isHook": false,
                  "skipped": false
                }
              ],
              "suites": [],
              "passes": [
                "25597fdc-dfe8-40c5-9024-f609f7026d37"
              ],
              "failures": [],
              "pending": [],
              "skipped": [],
              "duration": 2175,
              "root": false,
              "rootEmpty": false,
              "_timeout": 2000
            },
            {
              "uuid": "7cb6b55e-b4df-427f-a22d-7ef085e12918",
              "title": "Segunda parte da sessao inserindo dados tecnicos",
              "fullFile": "",
              "file": "",
              "beforeHooks": [],
              "afterHooks": [],
              "tests": [
                {
                  "title": "Cadastro completo da clinica!",
                  "fullTitle": "Página de cadastro Segunda parte da sessao inserindo dados tecnicos Cadastro completo da clinica!",
                  "timedOut": null,
                  "duration": 3618,
                  "state": "passed",
                  "speed": "fast",
                  "pass": true,
                  "fail": false,
                  "pending": false,
                  "context": null,
                  "code": "cy.get('[href=\"/cadastro\"]').click();\ncy.cadastro('Joao', '12.156.812/0001-02', 'jpars@gmail.com', 'Senha1234');\ncy.dados_tecnicos('9999999', '37550000', 'rua aleatoria', '23', 'casa', 'MG');\ncy.location('pathname').should('equal', '/login');",
                  "err": {},
                  "uuid": "6f4e0884-9466-411f-b87b-1659b7485582",
                  "parentUUID": "7cb6b55e-b4df-427f-a22d-7ef085e12918",
                  "isHook": false,
                  "skipped": false
                }
              ],
              "suites": [],
              "passes": [
                "6f4e0884-9466-411f-b87b-1659b7485582"
              ],
              "failures": [],
              "pending": [],
              "skipped": [],
              "duration": 3618,
              "root": false,
              "rootEmpty": false,
              "_timeout": 2000
            }
          ],
          "passes": [],
          "failures": [],
          "pending": [],
          "skipped": [],
          "duration": 0,
          "root": false,
          "rootEmpty": false,
          "_timeout": 2000
        }
      ],
      "passes": [],
      "failures": [],
      "pending": [],
      "skipped": [],
      "duration": 0,
      "root": true,
      "rootEmpty": true,
      "_timeout": 2000
    }
  ],
  "meta": {
    "mocha": {
      "version": "7.0.1"
    },
    "mochawesome": {
      "options": {
        "quiet": false,
        "reportFilename": "mochawesome",
        "saveHtml": true,
        "saveJson": true,
        "consoleReporter": "spec",
        "useInlineDiffs": false,
        "code": true
      },
      "version": "7.1.3"
    },
    "marge": {
      "options": {
        "reportDir": "cypress/results",
        "overwrite": false,
        "html": true,
        "json": true,
        "timestamp": "mmddyyyy_HHMMss"
      },
      "version": "6.2.0"
    }
  }
}