{
  "stats": {
    "suites": 3,
    "tests": 2,
    "passes": 1,
    "pending": 0,
    "failures": 1,
    "start": "2024-12-26T19:52:15.307Z",
    "end": "2024-12-26T19:53:18.666Z",
    "duration": 63359,
    "testsRegistered": 2,
    "passPercent": 50,
    "pendingPercent": 0,
    "other": 0,
    "hasOther": false,
    "skipped": 0,
    "hasSkipped": false
  },
  "results": [
    {
      "uuid": "cc124781-9bab-46af-93d7-1e6b05f64e22",
      "title": "",
      "fullFile": "cypress\\e2e\\login-correto.cy.js",
      "file": "cypress\\e2e\\login-correto.cy.js",
      "beforeHooks": [],
      "afterHooks": [],
      "tests": [],
      "suites": [
        {
          "uuid": "c6d53ad0-9413-4ad7-bdba-31859b9cbeba",
          "title": "Pagina de Login",
          "fullFile": "",
          "file": "",
          "beforeHooks": [],
          "afterHooks": [],
          "tests": [],
          "suites": [
            {
              "uuid": "04df5678-cbc9-4a9f-881e-43ab95a76f23",
              "title": "Verificar a primeira parte login e verificar a sessao!",
              "fullFile": "",
              "file": "",
              "beforeHooks": [],
              "afterHooks": [],
              "tests": [
                {
                  "title": "Clica no botao de Entrar",
                  "fullTitle": "Pagina de Login Verificar a primeira parte login e verificar a sessao! Clica no botao de Entrar",
                  "timedOut": null,
                  "duration": 1366,
                  "state": "passed",
                  "speed": "fast",
                  "pass": true,
                  "fail": false,
                  "pending": false,
                  "context": null,
                  "code": "cy.get('.sc-iJnaPW').click();\ncy.location('pathname').should('equals', '/login');",
                  "err": {},
                  "uuid": "6fd37399-c386-48a5-a531-945fbbb3329a",
                  "parentUUID": "04df5678-cbc9-4a9f-881e-43ab95a76f23",
                  "isHook": false,
                  "skipped": false
                }
              ],
              "suites": [],
              "passes": [
                "6fd37399-c386-48a5-a531-945fbbb3329a"
              ],
              "failures": [],
              "pending": [],
              "skipped": [],
              "duration": 1366,
              "root": false,
              "rootEmpty": false,
              "_timeout": 2000
            },
            {
              "uuid": "18c0e559-b6e6-4d76-a1bb-67ae3070c65d",
              "title": "Logar com as credenciais corretas",
              "fullFile": "",
              "file": "",
              "beforeHooks": [],
              "afterHooks": [],
              "tests": [
                {
                  "title": "Preenche os campos de login e senha",
                  "fullTitle": "Pagina de Login Logar com as credenciais corretas Preenche os campos de login e senha",
                  "timedOut": null,
                  "duration": 61798,
                  "state": "failed",
                  "speed": null,
                  "pass": false,
                  "fail": true,
                  "pending": false,
                  "context": null,
                  "code": "cy.get('.sc-iJnaPW').click();\ncy.login(Cypress.env('email'), Cypress.env('senha')); // Passando credenciais do ambiente",
                  "err": {
                    "message": "AssertionError: Timed out retrying after 60000ms: expected '/login' to equal '/dashboard'\n\nThis error occurred while creating the session. Because the session setup failed, we failed the test.",
                    "estack": "AssertionError: Timed out retrying after 60000ms: expected '/login' to equal '/dashboard'\n\nThis error occurred while creating the session. Because the session setup failed, we failed the test.\n    at Object.eval [as setup] (webpack://cypress_auto_web_ci/./cypress/support/commands.js:29:32)",
                    "diff": "- '/login'\n+ '/dashboard'\n"
                  },
                  "uuid": "9b78092c-c3b5-4c5c-b3b4-da251a5ec5d7",
                  "parentUUID": "18c0e559-b6e6-4d76-a1bb-67ae3070c65d",
                  "isHook": false,
                  "skipped": false
                }
              ],
              "suites": [],
              "passes": [],
              "failures": [
                "9b78092c-c3b5-4c5c-b3b4-da251a5ec5d7"
              ],
              "pending": [],
              "skipped": [],
              "duration": 61798,
              "root": false,
              "rootEmpty": false,
              "_timeout": 2000
            }
          ],
          "passes": [],
          "failures": [],
          "pending": [],
          "skipped": [],
          "duration": 0,
          "root": false,
          "rootEmpty": false,
          "_timeout": 2000
        }
      ],
      "passes": [],
      "failures": [],
      "pending": [],
      "skipped": [],
      "duration": 0,
      "root": true,
      "rootEmpty": true,
      "_timeout": 2000
    }
  ],
  "meta": {
    "mocha": {
      "version": "7.0.1"
    },
    "mochawesome": {
      "options": {
        "quiet": false,
        "reportFilename": "mochawesome",
        "saveHtml": true,
        "saveJson": true,
        "consoleReporter": "spec",
        "useInlineDiffs": false,
        "code": true
      },
      "version": "7.1.3"
    },
    "marge": {
      "options": {
        "reportDir": "cypress/results",
        "overwrite": false,
        "html": true,
        "json": true,
        "timestamp": "mmddyyyy_HHMMss"
      },
      "version": "6.2.0"
    }
  }
}