{
  "stats": {
    "suites": 4,
    "tests": 3,
    "passes": 3,
    "pending": 0,
    "failures": 0,
    "start": "2024-12-26T16:25:24.077Z",
    "end": "2024-12-26T16:25:32.342Z",
    "duration": 8265,
    "testsRegistered": 3,
    "passPercent": 100,
    "pendingPercent": 0,
    "other": 0,
    "hasOther": false,
    "skipped": 0,
    "hasSkipped": false
  },
  "results": [
    {
      "uuid": "b14f98d3-da8e-4883-84c2-79f2b06aa1d5",
      "title": "",
      "fullFile": "cypress\\e2e\\cadastro-sucesso.cy.js",
      "file": "cypress\\e2e\\cadastro-sucesso.cy.js",
      "beforeHooks": [],
      "afterHooks": [],
      "tests": [],
      "suites": [
        {
          "uuid": "8f208ed6-74b9-4fc0-a5a0-87c6ebc91073",
          "title": "Página de cadastro",
          "fullFile": "",
          "file": "",
          "beforeHooks": [],
          "afterHooks": [],
          "tests": [],
          "suites": [
            {
              "uuid": "80455233-bef8-41d6-a03d-c462211ac842",
              "title": "Verifica o redirecionamento da pagina!",
              "fullFile": "",
              "file": "",
              "beforeHooks": [],
              "afterHooks": [],
              "tests": [
                {
                  "title": "Clica no link \"Cadastra-se\" e redireciona para a página de cadastro da clínica",
                  "fullTitle": "Página de cadastro Verifica o redirecionamento da pagina! Clica no link \"Cadastra-se\" e redireciona para a página de cadastro da clínica",
                  "timedOut": null,
                  "duration": 1721,
                  "state": "passed",
                  "speed": "fast",
                  "pass": true,
                  "fail": false,
                  "pending": false,
                  "context": null,
                  "code": "cy.get('[href=\"/cadastro\"]').click();\ncy.location('pathname').should('equal', '/cadastro');",
                  "err": {},
                  "uuid": "e142930a-3e2a-4394-821f-a5a3b57d5a8f",
                  "parentUUID": "80455233-bef8-41d6-a03d-c462211ac842",
                  "isHook": false,
                  "skipped": false
                }
              ],
              "suites": [],
              "passes": [
                "e142930a-3e2a-4394-821f-a5a3b57d5a8f"
              ],
              "failures": [],
              "pending": [],
              "skipped": [],
              "duration": 1721,
              "root": false,
              "rootEmpty": false,
              "_timeout": 2000
            },
            {
              "uuid": "740cd59e-b55e-42f0-a787-a0aeeffd77fc",
              "title": "Primeira parte da sessão de cadastro",
              "fullFile": "",
              "file": "",
              "beforeHooks": [],
              "afterHooks": [],
              "tests": [
                {
                  "title": "Digita dados da clínica e exibe a área para inserção de dados técnicos",
                  "fullTitle": "Página de cadastro Primeira parte da sessão de cadastro Digita dados da clínica e exibe a área para inserção de dados técnicos",
                  "timedOut": null,
                  "duration": 2395,
                  "state": "passed",
                  "speed": "fast",
                  "pass": true,
                  "fail": false,
                  "pending": false,
                  "context": null,
                  "code": "cy.get('[href=\"/cadastro\"]').click();\ncy.cadastro('Joao', '12.156.812/0001-02', 'jpars@gmail.com', 'Senha1234');\ncy.contains('h2', 'Agora, os dados técnicos:').should('be.visible');\ncy.get('.sc-laZRCg').should('exist').should('be.visible');",
                  "err": {},
                  "uuid": "208622ee-edfc-4b33-870b-0e2b3a89ad8e",
                  "parentUUID": "740cd59e-b55e-42f0-a787-a0aeeffd77fc",
                  "isHook": false,
                  "skipped": false
                }
              ],
              "suites": [],
              "passes": [
                "208622ee-edfc-4b33-870b-0e2b3a89ad8e"
              ],
              "failures": [],
              "pending": [],
              "skipped": [],
              "duration": 2395,
              "root": false,
              "rootEmpty": false,
              "_timeout": 2000
            },
            {
              "uuid": "df4e3c92-de45-4c44-bc2d-0ae58c3c51c3",
              "title": "Segunda parte da sessao inserindo dados tecnicos",
              "fullFile": "",
              "file": "",
              "beforeHooks": [],
              "afterHooks": [],
              "tests": [
                {
                  "title": "Cadastro completo da clinica!",
                  "fullTitle": "Página de cadastro Segunda parte da sessao inserindo dados tecnicos Cadastro completo da clinica!",
                  "timedOut": null,
                  "duration": 3799,
                  "state": "passed",
                  "speed": "fast",
                  "pass": true,
                  "fail": false,
                  "pending": false,
                  "context": null,
                  "code": "cy.get('[href=\"/cadastro\"]').click();\ncy.cadastro('Joao', '12.156.812/0001-02', 'jpars@gmail.com', 'Senha1234');\ncy.dados_tecnicos('9999999', '37550000', 'rua aleatoria', '23', 'casa', 'MG');\ncy.location('pathname').should('equal', '/login');",
                  "err": {},
                  "uuid": "0d7e4d1b-53b8-4f42-8a82-e067c8a125b3",
                  "parentUUID": "df4e3c92-de45-4c44-bc2d-0ae58c3c51c3",
                  "isHook": false,
                  "skipped": false
                }
              ],
              "suites": [],
              "passes": [
                "0d7e4d1b-53b8-4f42-8a82-e067c8a125b3"
              ],
              "failures": [],
              "pending": [],
              "skipped": [],
              "duration": 3799,
              "root": false,
              "rootEmpty": false,
              "_timeout": 2000
            }
          ],
          "passes": [],
          "failures": [],
          "pending": [],
          "skipped": [],
          "duration": 0,
          "root": false,
          "rootEmpty": false,
          "_timeout": 2000
        }
      ],
      "passes": [],
      "failures": [],
      "pending": [],
      "skipped": [],
      "duration": 0,
      "root": true,
      "rootEmpty": true,
      "_timeout": 2000
    }
  ],
  "meta": {
    "mocha": {
      "version": "7.0.1"
    },
    "mochawesome": {
      "options": {
        "quiet": false,
        "reportFilename": "mochawesome",
        "saveHtml": true,
        "saveJson": true,
        "consoleReporter": "spec",
        "useInlineDiffs": false,
        "code": true
      },
      "version": "7.1.3"
    },
    "marge": {
      "options": {
        "reportDir": "cypress/results",
        "overwrite": false,
        "html": true,
        "json": true,
        "timestamp": "mmddyyyy_HHMMss"
      },
      "version": "6.2.0"
    }
  }
}