{
  "stats": {
    "suites": 4,
    "tests": 3,
    "passes": 3,
    "pending": 0,
    "failures": 0,
    "start": "2024-12-26T19:50:42.296Z",
    "end": "2024-12-26T19:50:51.372Z",
    "duration": 9076,
    "testsRegistered": 3,
    "passPercent": 100,
    "pendingPercent": 0,
    "other": 0,
    "hasOther": false,
    "skipped": 0,
    "hasSkipped": false
  },
  "results": [
    {
      "uuid": "42251595-31d7-44ef-a763-b80e76f42322",
      "title": "",
      "fullFile": "cypress\\e2e\\cadastro-sucesso.cy.js",
      "file": "cypress\\e2e\\cadastro-sucesso.cy.js",
      "beforeHooks": [],
      "afterHooks": [],
      "tests": [],
      "suites": [
        {
          "uuid": "80b8491b-6cd8-4914-9e86-51396fba5eb8",
          "title": "Página de cadastro",
          "fullFile": "",
          "file": "",
          "beforeHooks": [],
          "afterHooks": [],
          "tests": [],
          "suites": [
            {
              "uuid": "54d13a41-2297-42e6-9397-82bb0a2ead2e",
              "title": "Verifica o redirecionamento da pagina!",
              "fullFile": "",
              "file": "",
              "beforeHooks": [],
              "afterHooks": [],
              "tests": [
                {
                  "title": "Clica no link \"Cadastra-se\" e redireciona para a página de cadastro da clínica",
                  "fullTitle": "Página de cadastro Verifica o redirecionamento da pagina! Clica no link \"Cadastra-se\" e redireciona para a página de cadastro da clínica",
                  "timedOut": null,
                  "duration": 2225,
                  "state": "passed",
                  "speed": "fast",
                  "pass": true,
                  "fail": false,
                  "pending": false,
                  "context": null,
                  "code": "cy.get('[href=\"/cadastro\"]').click();\ncy.location('pathname').should('equal', '/cadastro');",
                  "err": {},
                  "uuid": "98c2c05a-8691-47e6-b2a1-40259e8efbf1",
                  "parentUUID": "54d13a41-2297-42e6-9397-82bb0a2ead2e",
                  "isHook": false,
                  "skipped": false
                }
              ],
              "suites": [],
              "passes": [
                "98c2c05a-8691-47e6-b2a1-40259e8efbf1"
              ],
              "failures": [],
              "pending": [],
              "skipped": [],
              "duration": 2225,
              "root": false,
              "rootEmpty": false,
              "_timeout": 2000
            },
            {
              "uuid": "6d995d6a-907e-40d9-b84d-6f9e6de2a0c1",
              "title": "Primeira parte da sessão de cadastro",
              "fullFile": "",
              "file": "",
              "beforeHooks": [],
              "afterHooks": [],
              "tests": [
                {
                  "title": "Digita dados da clínica e exibe a área para inserção de dados técnicos",
                  "fullTitle": "Página de cadastro Primeira parte da sessão de cadastro Digita dados da clínica e exibe a área para inserção de dados técnicos",
                  "timedOut": null,
                  "duration": 2432,
                  "state": "passed",
                  "speed": "fast",
                  "pass": true,
                  "fail": false,
                  "pending": false,
                  "context": null,
                  "code": "cy.get('[href=\"/cadastro\"]').click();\ncy.cadastro('Joao', '12.156.812/0001-02', 'jpars@gmail.com', 'Senha1234');\ncy.contains('h2', 'Agora, os dados técnicos:').should('be.visible');\ncy.get('.sc-laZRCg').should('exist').should('be.visible');",
                  "err": {},
                  "uuid": "bfbbe3f4-0b5f-4b5f-9109-664d3e379862",
                  "parentUUID": "6d995d6a-907e-40d9-b84d-6f9e6de2a0c1",
                  "isHook": false,
                  "skipped": false
                }
              ],
              "suites": [],
              "passes": [
                "bfbbe3f4-0b5f-4b5f-9109-664d3e379862"
              ],
              "failures": [],
              "pending": [],
              "skipped": [],
              "duration": 2432,
              "root": false,
              "rootEmpty": false,
              "_timeout": 2000
            },
            {
              "uuid": "bca0860d-d9f2-46d6-92c4-7d13a8dce5e0",
              "title": "Segunda parte da sessao inserindo dados tecnicos",
              "fullFile": "",
              "file": "",
              "beforeHooks": [],
              "afterHooks": [],
              "tests": [
                {
                  "title": "Cadastro completo da clinica!",
                  "fullTitle": "Página de cadastro Segunda parte da sessao inserindo dados tecnicos Cadastro completo da clinica!",
                  "timedOut": null,
                  "duration": 4071,
                  "state": "passed",
                  "speed": "fast",
                  "pass": true,
                  "fail": false,
                  "pending": false,
                  "context": null,
                  "code": "cy.get('[href=\"/cadastro\"]').click();\ncy.cadastro('Joao', '12.156.812/0001-02', 'jpars@gmail.com', 'Senha1234');\ncy.dados_tecnicos('9999999', '37550000', 'rua aleatoria', '23', 'casa', 'MG');\ncy.location('pathname').should('equal', '/login');",
                  "err": {},
                  "uuid": "de35f900-b78b-40e6-b937-fcbb902e6c62",
                  "parentUUID": "bca0860d-d9f2-46d6-92c4-7d13a8dce5e0",
                  "isHook": false,
                  "skipped": false
                }
              ],
              "suites": [],
              "passes": [
                "de35f900-b78b-40e6-b937-fcbb902e6c62"
              ],
              "failures": [],
              "pending": [],
              "skipped": [],
              "duration": 4071,
              "root": false,
              "rootEmpty": false,
              "_timeout": 2000
            }
          ],
          "passes": [],
          "failures": [],
          "pending": [],
          "skipped": [],
          "duration": 0,
          "root": false,
          "rootEmpty": false,
          "_timeout": 2000
        }
      ],
      "passes": [],
      "failures": [],
      "pending": [],
      "skipped": [],
      "duration": 0,
      "root": true,
      "rootEmpty": true,
      "_timeout": 2000
    }
  ],
  "meta": {
    "mocha": {
      "version": "7.0.1"
    },
    "mochawesome": {
      "options": {
        "quiet": false,
        "reportFilename": "mochawesome",
        "saveHtml": true,
        "saveJson": true,
        "consoleReporter": "spec",
        "useInlineDiffs": false,
        "code": true
      },
      "version": "7.1.3"
    },
    "marge": {
      "options": {
        "reportDir": "cypress/results",
        "overwrite": false,
        "html": true,
        "json": true,
        "timestamp": "mmddyyyy_HHMMss"
      },
      "version": "6.2.0"
    }
  }
}