{
  "stats": {
    "suites": 3,
    "tests": 2,
    "passes": 2,
    "pending": 0,
    "failures": 0,
    "start": "2024-12-26T16:25:36.101Z",
    "end": "2024-12-26T16:25:39.805Z",
    "duration": 3704,
    "testsRegistered": 2,
    "passPercent": 100,
    "pendingPercent": 0,
    "other": 0,
    "hasOther": false,
    "skipped": 0,
    "hasSkipped": false
  },
  "results": [
    {
      "uuid": "28f278c9-ad37-4301-80ba-335618a78c8d",
      "title": "",
      "fullFile": "cypress\\e2e\\login-correto.cy.js",
      "file": "cypress\\e2e\\login-correto.cy.js",
      "beforeHooks": [],
      "afterHooks": [],
      "tests": [],
      "suites": [
        {
          "uuid": "a0025dba-88d4-4019-8788-7f245c70b375",
          "title": "Pagina de Login",
          "fullFile": "",
          "file": "",
          "beforeHooks": [],
          "afterHooks": [],
          "tests": [],
          "suites": [
            {
              "uuid": "d4c3a1d4-eef9-4861-b0d1-6958cdc363c1",
              "title": "Verificar a primeira parte login e verificar a sessao!",
              "fullFile": "",
              "file": "",
              "beforeHooks": [],
              "afterHooks": [],
              "tests": [
                {
                  "title": "Clica no botao de Entrar",
                  "fullTitle": "Pagina de Login Verificar a primeira parte login e verificar a sessao! Clica no botao de Entrar",
                  "timedOut": null,
                  "duration": 1266,
                  "state": "passed",
                  "speed": "fast",
                  "pass": true,
                  "fail": false,
                  "pending": false,
                  "context": null,
                  "code": "cy.get('.sc-iJnaPW').click();\ncy.location('pathname').should('equals', '/login');",
                  "err": {},
                  "uuid": "b40a249e-6855-4d30-96c3-d27e6c84b4b6",
                  "parentUUID": "d4c3a1d4-eef9-4861-b0d1-6958cdc363c1",
                  "isHook": false,
                  "skipped": false
                }
              ],
              "suites": [],
              "passes": [
                "b40a249e-6855-4d30-96c3-d27e6c84b4b6"
              ],
              "failures": [],
              "pending": [],
              "skipped": [],
              "duration": 1266,
              "root": false,
              "rootEmpty": false,
              "_timeout": 2000
            },
            {
              "uuid": "f8fd139a-edfa-4477-8ee2-f8170c375b6a",
              "title": "Logar com as credenciais corretas",
              "fullFile": "",
              "file": "",
              "beforeHooks": [],
              "afterHooks": [],
              "tests": [
                {
                  "title": "Preenche os campos de login e senha",
                  "fullTitle": "Pagina de Login Logar com as credenciais corretas Preenche os campos de login e senha",
                  "timedOut": null,
                  "duration": 2328,
                  "state": "passed",
                  "speed": "fast",
                  "pass": true,
                  "fail": false,
                  "pending": false,
                  "context": null,
                  "code": "cy.get('.sc-iJnaPW').click();\ncy.login(Cypress.env('email'), Cypress.env('senha')); // Passando credenciais do ambiente",
                  "err": {},
                  "uuid": "a8e05121-7cf5-4958-b3be-ed5ae1016062",
                  "parentUUID": "f8fd139a-edfa-4477-8ee2-f8170c375b6a",
                  "isHook": false,
                  "skipped": false
                }
              ],
              "suites": [],
              "passes": [
                "a8e05121-7cf5-4958-b3be-ed5ae1016062"
              ],
              "failures": [],
              "pending": [],
              "skipped": [],
              "duration": 2328,
              "root": false,
              "rootEmpty": false,
              "_timeout": 2000
            }
          ],
          "passes": [],
          "failures": [],
          "pending": [],
          "skipped": [],
          "duration": 0,
          "root": false,
          "rootEmpty": false,
          "_timeout": 2000
        }
      ],
      "passes": [],
      "failures": [],
      "pending": [],
      "skipped": [],
      "duration": 0,
      "root": true,
      "rootEmpty": true,
      "_timeout": 2000
    }
  ],
  "meta": {
    "mocha": {
      "version": "7.0.1"
    },
    "mochawesome": {
      "options": {
        "quiet": false,
        "reportFilename": "mochawesome",
        "saveHtml": true,
        "saveJson": true,
        "consoleReporter": "spec",
        "useInlineDiffs": false,
        "code": true
      },
      "version": "7.1.3"
    },
    "marge": {
      "options": {
        "reportDir": "cypress/results",
        "overwrite": false,
        "html": true,
        "json": true,
        "timestamp": "mmddyyyy_HHMMss"
      },
      "version": "6.2.0"
    }
  }
}