{
  "stats": {
    "suites": 3,
    "tests": 2,
    "passes": 0,
    "pending": 0,
    "failures": 2,
    "start": "2024-12-26T19:53:26.959Z",
    "end": "2024-12-26T19:53:28.066Z",
    "duration": 1107,
    "testsRegistered": 2,
    "passPercent": 0,
    "pendingPercent": 0,
    "other": 0,
    "hasOther": false,
    "skipped": 0,
    "hasSkipped": false
  },
  "results": [
    {
      "uuid": "051c9c82-60b6-4836-b8b9-6c9e417a4891",
      "title": "",
      "fullFile": "cypress\\e2e\\login_api.cy.js",
      "file": "cypress\\e2e\\login_api.cy.js",
      "beforeHooks": [],
      "afterHooks": [],
      "tests": [],
      "suites": [
        {
          "uuid": "38374ead-a248-46df-94e1-d57c6a349549",
          "title": "Teste de Api",
          "fullFile": "",
          "file": "",
          "beforeHooks": [],
          "afterHooks": [],
          "tests": [],
          "suites": [
            {
              "uuid": "aa83e7d6-d1e6-4f4c-825d-b0917fa5573d",
              "title": "Testes em rotas com usuário autorizado",
              "fullFile": "",
              "file": "",
              "beforeHooks": [],
              "afterHooks": [],
              "tests": [
                {
                  "title": "GET via url front para teste em resposta da home",
                  "fullTitle": "Teste de Api Testes em rotas com usuário autorizado GET via url front para teste em resposta da home",
                  "timedOut": null,
                  "duration": 605,
                  "state": "failed",
                  "speed": null,
                  "pass": false,
                  "fail": true,
                  "pending": false,
                  "context": null,
                  "code": "cy.request(\"GET\", \"/\").should(response => {\n  expect(response.status).to.eq(200);\n});\nit('Deve verificar se o token de autenticação é retornado após login via POST na API', () => {\n  cy.get('@token').should('exist');\n});",
                  "err": {
                    "message": "CypressError: `cy.request()` failed on:\n\nhttp://localhost:8080/auth/login/\n\nThe response we received from your web server was:\n\n  > 404: Not Found\n\nThis was considered a failure because the status code was not `2xx` or `3xx`.\n\nIf you do not want status codes to cause failures pass the option: `failOnStatusCode: false`\n\n-----------------------------------------------------------\n\nThe request we sent was:\n\nMethod: POST\nURL: http://localhost:8080/auth/login/\nHeaders: {\n  \"Connection\": \"keep-alive\",\n  \"user-agent\": \"Mozilla/5.0 (Windows NT 10.0; Win64; x64) AppleWebKit/537.36 (KHTML, like Gecko) Cypress/13.17.0 Chrome/118.0.5993.159 Electron/27.3.10 Safari/537.36\",\n  \"accept\": \"*/*\",\n  \"accept-encoding\": \"gzip, deflate\",\n  \"content-type\": \"application/json\",\n  \"content-length\": 46\n}\nBody: {\"email\":\"jpars@gmail.com\",\"senha\":\"senh1234\"}\n\n-----------------------------------------------------------\n\nThe response we got was:\n\nStatus: 404 - Not Found\nHeaders: {\n  \"x-powered-by\": \"Express\",\n  \"access-control-allow-origin\": \"*\",\n  \"content-type\": \"application/json; charset=utf-8\",\n  \"content-length\": \"43\",\n  \"etag\": \"W/\\\"2b-zMpcBq//ZmwYsaBX5bMaIMir5OU\\\"\",\n  \"date\": \"Thu, 26 Dec 2024 19:53:27 GMT\",\n  \"connection\": \"keep-alive\",\n  \"keep-alive\": \"timeout=5\"\n}\nBody: {\n  \"status\": 404,\n  \"message\": \"Não encontrado!\"\n}\n\n\nhttps://on.cypress.io/request\n\nBecause this error occurred during a `before each` hook we are skipping the remaining tests in the current suite: `Testes em rotas com usuário...`",
                    "estack": "CypressError: `cy.request()` failed on:\n\nhttp://localhost:8080/auth/login/\n\nThe response we received from your web server was:\n\n  > 404: Not Found\n\nThis was considered a failure because the status code was not `2xx` or `3xx`.\n\nIf you do not want status codes to cause failures pass the option: `failOnStatusCode: false`\n\n-----------------------------------------------------------\n\nThe request we sent was:\n\nMethod: POST\nURL: http://localhost:8080/auth/login/\nHeaders: {\n  \"Connection\": \"keep-alive\",\n  \"user-agent\": \"Mozilla/5.0 (Windows NT 10.0; Win64; x64) AppleWebKit/537.36 (KHTML, like Gecko) Cypress/13.17.0 Chrome/118.0.5993.159 Electron/27.3.10 Safari/537.36\",\n  \"accept\": \"*/*\",\n  \"accept-encoding\": \"gzip, deflate\",\n  \"content-type\": \"application/json\",\n  \"content-length\": 46\n}\nBody: {\"email\":\"jpars@gmail.com\",\"senha\":\"senh1234\"}\n\n-----------------------------------------------------------\n\nThe response we got was:\n\nStatus: 404 - Not Found\nHeaders: {\n  \"x-powered-by\": \"Express\",\n  \"access-control-allow-origin\": \"*\",\n  \"content-type\": \"application/json; charset=utf-8\",\n  \"content-length\": \"43\",\n  \"etag\": \"W/\\\"2b-zMpcBq//ZmwYsaBX5bMaIMir5OU\\\"\",\n  \"date\": \"Thu, 26 Dec 2024 19:53:27 GMT\",\n  \"connection\": \"keep-alive\",\n  \"keep-alive\": \"timeout=5\"\n}\nBody: {\n  \"status\": 404,\n  \"message\": \"Não encontrado!\"\n}\n\n\nhttps://on.cypress.io/request\n\nBecause this error occurred during a `before each` hook we are skipping the remaining tests in the current suite: `Testes em rotas com usuário...`\n    at <unknown> (http://localhost:3000/__cypress/runner/cypress_runner.js:132876:72)\n    at tryCatcher (http://localhost:3000/__cypress/runner/cypress_runner.js:1830:23)\n    at Promise._settlePromiseFromHandler (http://localhost:3000/__cypress/runner/cypress_runner.js:1542:31)\n    at Promise._settlePromise (http://localhost:3000/__cypress/runner/cypress_runner.js:1599:18)\n    at Promise._settlePromise0 (http://localhost:3000/__cypress/runner/cypress_runner.js:1644:10)\n    at Promise._settlePromises (http://localhost:3000/__cypress/runner/cypress_runner.js:1724:18)\n    at _drainQueueStep (http://localhost:3000/__cypress/runner/cypress_runner.js:2430:12)\n    at _drainQueue (http://localhost:3000/__cypress/runner/cypress_runner.js:2423:9)\n    at Async._drainQueues (http://localhost:3000/__cypress/runner/cypress_runner.js:2439:5)\n    at Async.drainQueues (http://localhost:3000/__cypress/runner/cypress_runner.js:2309:14)\nFrom Your Spec Code:\n    at ee (webpack://cypress_auto_web_ci/./node_modules/cypress-plugin-api/dist/support.js:14:2002)\n    at Context.eval (webpack://cypress_auto_web_ci/./node_modules/cypress-plugin-api/dist/support.js:14:2181)",
                    "diff": null
                  },
                  "uuid": "d4b1819c-e33c-4fec-9bf3-06cb0d6f8953",
                  "parentUUID": "aa83e7d6-d1e6-4f4c-825d-b0917fa5573d",
                  "isHook": false,
                  "skipped": false
                }
              ],
              "suites": [],
              "passes": [],
              "failures": [
                "d4b1819c-e33c-4fec-9bf3-06cb0d6f8953"
              ],
              "pending": [],
              "skipped": [],
              "duration": 605,
              "root": false,
              "rootEmpty": false,
              "_timeout": 2000
            },
            {
              "uuid": "be6bf8ec-2923-42e2-b8a4-a90e408a89ed",
              "title": "Requisiçoes de usuario clinica em especialistas",
              "fullFile": "",
              "file": "",
              "beforeHooks": [],
              "afterHooks": [],
              "tests": [
                {
                  "title": "POST em especialistas",
                  "fullTitle": "Teste de Api Requisiçoes de usuario clinica em especialistas POST em especialistas",
                  "timedOut": null,
                  "duration": 266,
                  "state": "failed",
                  "speed": null,
                  "pass": false,
                  "fail": true,
                  "pending": false,
                  "context": null,
                  "code": "const especialista = dados.especialista[1];\ncy.request({\n  method: 'POST',\n  url: Cypress.env('api_clinica'),\n  body: {\n    nome: especialista.nome,\n    email: especialista.email,\n    senha: especialista.senha,\n    endereco: {\n      cep: especialista.cep,\n      rua: especialista.rua,\n      numero: especialista.numero,\n      complemento: especialista.complemento,\n      estado: especialista.estado\n    }\n  }\n}).then(response => {\n  if (response.status !== 201) {\n    cy.log(`O Status ${response.status} nao é o padrao 201`);\n  }\n  expect(response.body).to.have.property('id');\n  expect(response.body).to.have.property('nome');\n  expect(response.body).to.have.property('email');\n});",
                  "err": {
                    "message": "CypressError: `cy.request()` failed on:\n\nhttp://localhost:8080/auth/login/\n\nThe response we received from your web server was:\n\n  > 404: Not Found\n\nThis was considered a failure because the status code was not `2xx` or `3xx`.\n\nIf you do not want status codes to cause failures pass the option: `failOnStatusCode: false`\n\n-----------------------------------------------------------\n\nThe request we sent was:\n\nMethod: POST\nURL: http://localhost:8080/auth/login/\nHeaders: {\n  \"Connection\": \"keep-alive\",\n  \"user-agent\": \"Mozilla/5.0 (Windows NT 10.0; Win64; x64) AppleWebKit/537.36 (KHTML, like Gecko) Cypress/13.17.0 Chrome/118.0.5993.159 Electron/27.3.10 Safari/537.36\",\n  \"accept\": \"*/*\",\n  \"accept-encoding\": \"gzip, deflate\",\n  \"content-type\": \"application/json\",\n  \"content-length\": 46\n}\nBody: {\"email\":\"jpars@gmail.com\",\"senha\":\"senh1234\"}\n\n-----------------------------------------------------------\n\nThe response we got was:\n\nStatus: 404 - Not Found\nHeaders: {\n  \"x-powered-by\": \"Express\",\n  \"access-control-allow-origin\": \"*\",\n  \"content-type\": \"application/json; charset=utf-8\",\n  \"content-length\": \"43\",\n  \"etag\": \"W/\\\"2b-zMpcBq//ZmwYsaBX5bMaIMir5OU\\\"\",\n  \"date\": \"Thu, 26 Dec 2024 19:53:27 GMT\",\n  \"connection\": \"keep-alive\",\n  \"keep-alive\": \"timeout=5\"\n}\nBody: {\n  \"status\": 404,\n  \"message\": \"Não encontrado!\"\n}\n\n\nhttps://on.cypress.io/request\n\nBecause this error occurred during a `before each` hook we are skipping the remaining tests in the current suite: `Requisiçoes de usuario clin...`",
                    "estack": "CypressError: `cy.request()` failed on:\n\nhttp://localhost:8080/auth/login/\n\nThe response we received from your web server was:\n\n  > 404: Not Found\n\nThis was considered a failure because the status code was not `2xx` or `3xx`.\n\nIf you do not want status codes to cause failures pass the option: `failOnStatusCode: false`\n\n-----------------------------------------------------------\n\nThe request we sent was:\n\nMethod: POST\nURL: http://localhost:8080/auth/login/\nHeaders: {\n  \"Connection\": \"keep-alive\",\n  \"user-agent\": \"Mozilla/5.0 (Windows NT 10.0; Win64; x64) AppleWebKit/537.36 (KHTML, like Gecko) Cypress/13.17.0 Chrome/118.0.5993.159 Electron/27.3.10 Safari/537.36\",\n  \"accept\": \"*/*\",\n  \"accept-encoding\": \"gzip, deflate\",\n  \"content-type\": \"application/json\",\n  \"content-length\": 46\n}\nBody: {\"email\":\"jpars@gmail.com\",\"senha\":\"senh1234\"}\n\n-----------------------------------------------------------\n\nThe response we got was:\n\nStatus: 404 - Not Found\nHeaders: {\n  \"x-powered-by\": \"Express\",\n  \"access-control-allow-origin\": \"*\",\n  \"content-type\": \"application/json; charset=utf-8\",\n  \"content-length\": \"43\",\n  \"etag\": \"W/\\\"2b-zMpcBq//ZmwYsaBX5bMaIMir5OU\\\"\",\n  \"date\": \"Thu, 26 Dec 2024 19:53:27 GMT\",\n  \"connection\": \"keep-alive\",\n  \"keep-alive\": \"timeout=5\"\n}\nBody: {\n  \"status\": 404,\n  \"message\": \"Não encontrado!\"\n}\n\n\nhttps://on.cypress.io/request\n\nBecause this error occurred during a `before each` hook we are skipping the remaining tests in the current suite: `Requisiçoes de usuario clin...`\n    at <unknown> (http://localhost:3000/__cypress/runner/cypress_runner.js:132876:72)\n    at tryCatcher (http://localhost:3000/__cypress/runner/cypress_runner.js:1830:23)\n    at Promise._settlePromiseFromHandler (http://localhost:3000/__cypress/runner/cypress_runner.js:1542:31)\n    at Promise._settlePromise (http://localhost:3000/__cypress/runner/cypress_runner.js:1599:18)\n    at Promise._settlePromise0 (http://localhost:3000/__cypress/runner/cypress_runner.js:1644:10)\n    at Promise._settlePromises (http://localhost:3000/__cypress/runner/cypress_runner.js:1724:18)\n    at _drainQueueStep (http://localhost:3000/__cypress/runner/cypress_runner.js:2430:12)\n    at _drainQueue (http://localhost:3000/__cypress/runner/cypress_runner.js:2423:9)\n    at Async._drainQueues (http://localhost:3000/__cypress/runner/cypress_runner.js:2439:5)\n    at Async.drainQueues (http://localhost:3000/__cypress/runner/cypress_runner.js:2309:14)\nFrom Your Spec Code:\n    at ee (webpack://cypress_auto_web_ci/./node_modules/cypress-plugin-api/dist/support.js:14:2002)\n    at Context.eval (webpack://cypress_auto_web_ci/./node_modules/cypress-plugin-api/dist/support.js:14:2181)",
                    "diff": null
                  },
                  "uuid": "c083761d-e980-4390-ad8e-7de31560bdbb",
                  "parentUUID": "be6bf8ec-2923-42e2-b8a4-a90e408a89ed",
                  "isHook": false,
                  "skipped": false
                }
              ],
              "suites": [],
              "passes": [],
              "failures": [
                "c083761d-e980-4390-ad8e-7de31560bdbb"
              ],
              "pending": [],
              "skipped": [],
              "duration": 266,
              "root": false,
              "rootEmpty": false,
              "_timeout": 2000
            }
          ],
          "passes": [],
          "failures": [],
          "pending": [],
          "skipped": [],
          "duration": 0,
          "root": false,
          "rootEmpty": false,
          "_timeout": 2000
        }
      ],
      "passes": [],
      "failures": [],
      "pending": [],
      "skipped": [],
      "duration": 0,
      "root": true,
      "rootEmpty": true,
      "_timeout": 2000
    }
  ],
  "meta": {
    "mocha": {
      "version": "7.0.1"
    },
    "mochawesome": {
      "options": {
        "quiet": false,
        "reportFilename": "mochawesome",
        "saveHtml": true,
        "saveJson": true,
        "consoleReporter": "spec",
        "useInlineDiffs": false,
        "code": true
      },
      "version": "7.1.3"
    },
    "marge": {
      "options": {
        "reportDir": "cypress/results",
        "overwrite": false,
        "html": true,
        "json": true,
        "timestamp": "mmddyyyy_HHMMss"
      },
      "version": "6.2.0"
    }
  }
}